Case #1:
472826.35449517471715807915
11059.94059658549667801708
7811.69595622328961326275
18313.06712306894769426435
229899229.20280236005783081055
864170501.00000000000000000000
472826.35449517471715807915
472826.35449517471715807915
88.28363381737295867424
Case #2:
239.64557162609952456478
10.00000000000000000000
1520.54572483276206185110
59926.56209798410418443382
1622.53671975897077572881
740.95866428867111608270
44.77743520071980753983
1847.50079280320824182127
6582.62904004897791310214
Case #3:
6187166.09120847657322883606
12606.68803399236276163720
90387.21510811138432472944
632627725.31574702262878417969
928486.25585982576012611389
78429.99821286468068137765
69505.41025256615830585361
53190.19831241607607807964
46813.31781712554220575839
3.46410161513775438635
Case #4:
156911.50407519692089408636
153.88957079672422878502
153.88957079672422878502
221925805.16163182258605957031
15895902.24499893561005592346
1278292.35078208940103650093
10526354.57844775915145874023
15895902.24499893561005592346
Case #5:
6849608.17893018387258052826
44885.51332922821165993810
975650705.00000000000000000000
Case #6:
48799.39036504451360087842
4723388.65308371558785438538
1382874.34441424068063497543
44570.18824281539127696306
1201012.13487446680665016174
12853703.21778737753629684448
238138050.00000000000000000000
416218225.40534675121307373047
258160.27740485494723543525
3002833.13773108180612325668
Case #7:
298201.46246120252180844545
80012.48047481742105446756
4876.32940762624093622435
1563361.68124964274466037750
79163.66445535476668737829
70600.22346115269465371966
132072.43415148823987692595
174601.21508394513512030244
Case #8:
612.59285010519010938879
1931.14025794230838073418
Case #9:
1000000000.00000000000000000000
Case #10:
70847.11162519233766943216
494573.59038738440722227097
67603.16769895420293323696
291984473.10424458980560302734
654.03781015988261060556
667332.16650656517595052719
73057150.53399908542633056641
15690404.43761757016181945801
11590585.96726790070533752441
645917092.72584056854248046875
Case #11:
5724246.67532768100500106812
181.01657382681838726057
1.00000000000000000000
Case #12:
5358536.31259451247751712799
3592595.35702004656195640564
1434.60164836831745560630
4652.27729248374089365825
7553.10739009227654605638
25367.39243595998414093629
3560453.07492838613688945770
9511.70865136533757322468
33628.74002411430410575122
8467.13493000600647064857
Case #13:
9.00000000000000000000
637622.23827959853224456310
637622.23827959853224456310
Case #14:
27109.57026586736174067482
185255.10938242467818781734
37660.48269866028567776084
24524.98736064913828158751
451280.40027632843703031540
272358.41329426586162298918
44557.53152431291528046131
419877.58405865146778523922
Case #15:
2.88449914061481660355
1355.15134214584304572782
141.99139791806237553828
4.00000000000000000000
3024.05934317905848729424
2.44948974278317788134
349.56557922159970530629
Case #16:
5.00000000000000000000
18169.93820050366048235446
1592.67921715635111468146
17698.50754066972876898944
5.00000000000000000000
6006.95316490186814917251
6797.31361203284359362442
Case #17:
965.40238471023735655763
93.97856762011531372991
52762.59322664116916712373
1967.46874722125767220859
4429.93006116402102634311
10051.31428963995131198317
10614.78728375006903661415
1772.39596873059508652659
1512.60191069319353118772
Case #18:
1459.01466015542473542155
2387.31804555659346078755
38560.01999493826588150114
2387.31804555659346078755
1095.71837468840067231213
86.15390845105810058158
1744.51756219634944500285
11086.75439432117855176330
11086.75439432117855176330
9.00000000000000000000
Case #19:
46319.55532124312594532967
8881.25380209140348597430
15813.61963153482793131843
7667.53077714260689390358
1401.33617195941087629762
35424.53475483243528287858
6111.50240929294886882417
39358.76583430939354002476
Case #20:
375505571.00000000000000000000
36522.85842628429236356169
275727.55498400307260453701
41682.95652905302995350212
Case #21:
231853.66908969153882935643
1509506.91796868946403264999
95322.27326286336756311357
Case #22:
60093.75709672344964928925
53474.00000000000000000000
2113.33829070233514357824
420.12855175529307416582
67533.00000000000000000000
420.12855175529307416582
Case #23:
57895.52424377000716049224
882.68701600782719651761
20.16201730883940257399
634.47616188474717091594
56558.02876159570587333292
4811.25552592952954000793
341958.58340200711973011494
72670.00000000000000000000
78766.33302201368496753275
117.20969529224637994957
Case #24:
94.08747704093053698671
14625.49700775780729600228
74639.68908697302686050534
1008.86833080329824952059
47525.28625900110637303442
56.98943068623199792455
Case #25:
504713804.05881750583648681641
6.21446501190771805057
515444.74314052041154354811
31.19847481091886720606
99.50582863593891147502
6.92820323027550877271
1318593.58470190409570932388
Case #26:
11327851.97587845847010612488
695317.71867464948445558548
246246.51828638341976329684
317603.43000500858761370182
385.53599053784841999004
6943850.27492301352322101593
362462.13940377288963645697
33219.31454413855681195855
180573.70420530205592513084
362462.13940377288963645697
Case #27:
900.83581244589117886790
261.94310849236364902026
35.95828501478158045757
81.49846624323674859625
131.60310555177733249366
3216.30908376823936123401
199855.05790196091402322054
8.48528137423857131694
821.71374818952062923927
22099.72899060693453066051
Case #28:
1254140.11366408271715044975
58481.00000000000000000000
1024289.04784016334451735020
1024289.04784016334451735020
1254140.11366408271715044975
1254140.11366408271715044975
588798.75372555502690374851
588798.75372555502690374851
1024289.04784016334451735020
64302.27884764270856976509
Case #29:
9.00000000000000000000
67007.45818190686986781657
9.00000000000000000000
Case #30:
70136.59899795541423372924
16223.19374617827998008579
31599.47265249942574882880
87117.10405785881448537111
28620.39015962889243382961
8436.89338584327560965903
7809.60747177595112589188
Case #31:
25890.00000000000000000000
25890.00000000000000000000
25890.00000000000000000000
25890.00000000000000000000
25890.00000000000000000000
25890.00000000000000000000
25890.00000000000000000000
25890.00000000000000000000
25890.00000000000000000000
Case #32:
46489.23389360924193169922
16682.91486040287418290973
1950.39607120178334298544
4871.64598715806641848758
5704.66081028021108068060
315530706.00000000000000000000
Case #33:
42549.95705510275729466230
Case #34:
664402754.00000000000000000000
758501389.00000000000000000000
709894648.35595512390136718750
709894648.35595512390136718750
664402754.00000000000000000000
758501389.00000000000000000000
758501389.00000000000000000000
664402754.00000000000000000000
Case #35:
6.32455532033675815740
6.32455532033675815740
10.00000000000000000000
91558.28209397551836445928
91558.28209397551836445928
6.32455532033675815740
10.00000000000000000000
Case #36:
27518772.45972329378128051758
524364720.11769020557403564453
27518772.45972329378128051758
Case #37:
400883541.30983757972717285156
496504069.05464231967926025391
443704758.48592662811279296875
Case #38:
8.00000000000000000000
8.00000000000000000000
8.00000000000000000000
8.00000000000000000000
Case #39:
543.87699208936214745336
1356.36344470721769539523
56961.96160596999106928706
1041.83301556698643253185
40.04465174017217066194
94.99168902363658162358
5.00000000000000000000
Case #40:
217.90177480666153542188
7036.62381817758978286292
12430.46717890619402169250
2087.54906942395791702438
7036.62381817758978286292
955.01487753090100341069
Case #41:
6.00000000000000000000
85418.14107670570956543088
810695425.00000000000000000000
4.00000000000000000000
810695425.00000000000000000000
4.00000000000000000000
3078.83731132724824419711
Case #42:
2711941.25284435320645570755
80083467.00000000000000000000
Case #43:
52410722.04421772062778472900
4035275.63918884936720132828
8495.65780695060311700217
14264.34900750004089786671
295969.18526089971419423819
Case #44:
5614136.08819825388491153717
157922.65476553217740729451
3817666.69048258382827043533
Case #45:
79314.61237376125063747168
25399.16289959178538993001
Case #46:
7.00000000000000000000
Case #47:
5224.21806572868626972195
Case #48:
56810.00000000000000000000
56810.00000000000000000000
56810.00000000000000000000
56810.00000000000000000000
56810.00000000000000000000
56810.00000000000000000000
56810.00000000000000000000
56810.00000000000000000000
56810.00000000000000000000
Case #49:
490389772.00000000000000000000
2824045.28051806613802909851
28183851.04226472228765487671
1222770.70409538876265287399
6440010.41826455481350421906
1454500.83597139548510313034
41499333.54390138387680053711
339838228.00000000000000000000
6183968.22975546866655349731
479897.58799333020579069853
Case #50:
795511033.57294964790344238281
2628.80497014685806789203
3.16227766016837907870
4.48140474655716403163
Case #51:
875125508.58704710006713867188
976543791.00000000000000000000
875125508.58704710006713867188
784239952.00000000000000000000
875125508.58704710006713867188
784239952.00000000000000000000
Case #52:
3.74165738677394088540
2.44948974278317788134
3.00000000000000000000
3.74165738677394088540
2.00000000000000000000
3.74165738677394088540
2.44948974278317788134
3.00000000000000000000
7.00000000000000000000
Case #53:
79477.00000000000000000000
10771055.00000000000000000000
157062.10711221361998468637
925230.31631859089247882366
4526.00000000000000000000
79477.00000000000000000000
157062.10711221361998468637
925230.31631859089247882366
10771055.00000000000000000000
Case #54:
10.00000000000000000000
10.00000000000000000000
10.00000000000000000000
10.00000000000000000000
10.00000000000000000000
10.00000000000000000000
10.00000000000000000000
10.00000000000000000000
10.00000000000000000000
10.00000000000000000000
Case #55:
345714.92857178288977593184
8103.05709242815282777883
18981.88673433445364935324
102935.73396794620202854276
972.46079612496464505966
23842.16993413262389367446
24281.63315203723323065788
8103.05709242815282777883
181966.22442089096875861287
32009.26548522446682909504
Case #56:
13297.00000000000000000000
5108245.52230160310864448547
18651271.11299541592597961426
833105883.00000000000000000000
8725205.76195999979972839355
7840009.53669700585305690765
4934510.92316134460270404816
Case #57:
519425398.00000000000000000000
1502775.64200738351792097092
7.74596669241483404278
354.20068234251675676205
1502775.64200738351792097092
22644.18668552202871069312
1418751.71589734917506575584
576.18746949235196552763
25667.12463293795735808089
7.74596669241483404278
Case #58:
1.00000000000000000000
2.00000000000000000000
Case #59:
99724.00000000000000000000
18613.00000000000000000000
34868.87417167350940871984
43083.20800497567688580602
49494.67918258906865958124
34868.87417167350940871984
34868.87417167350940871984
43083.20800497567688580602
34868.87417167350940871984
Case #60:
4743182.59699054807424545288
8.00000000000000000000
2729.20381564159106346779
496.94381649890669905290
304892.03381780313793569803
Case #61:
1.41421356237309492343
2.44948974278317788134
Case #62:
32.00000000000000000000
32.00000000000000000000
32.00000000000000000000
32.00000000000000000000
32.00000000000000000000
32.00000000000000000000
32.00000000000000000000
32.00000000000000000000
32.00000000000000000000
Case #63:
1714412.03184923483058810234
38896.18306654608750250190
554.39558770689723132818
12877.39608976581075694412
333.68248380758609528129
1833.36412535175850280211
777.69743920002701997873
489.91868704872615580825
175.13199728799423837700
447351053.75772535800933837891
Case #64:
3.87298334620741702139
2262.85409083152626408264
Case #65:
250192375.15639495849609375000
Case #66:
4.00000000000000000000
4.00000000000000000000
4.00000000000000000000
Case #67:
899.43614961238495197904
2522.16406132762949710013
2873.19888723712483624695
3268.18775213034678017721
2873.19888723712483624695
14943.45111671352788107470
2115.31959782278772763675
5738.04007380207985988818
1340.03551277010137710022
8811.89390675861068302765
Case #68:
33432.65860920575505588204
381323819.00000000000000000000
23236.00000000000000000000
33432.65860920575505588204
Case #69:
356616.17686042550485581160
Case #70:
524626.88221376528963446617
1508959.15100490069016814232
46526.49771808105288073421
704435.33258965308777987957
132127.58542656671488657594
7501497.83026679977774620056
885148.92699012160301208496
7501497.83026679977774620056
74989.33120117819635197520
610989137.00000000000000000000
Case #71:
139.78634075917864265648
11795.64017333394804154523
127.00431919507707334560
23156.46639709953888086602
1573.07733543498807193828
127.00431919507707334560
338230344.52831697463989257812
8.00000000000000000000
47203.70870681495580356568
882115.51790306740440428257
Case #72:
812229559.00000000000000000000
1236434.11977783031761646271
813724691.00000000000000000000
1211808.74174457415938377380
44736.66366639336047228426
837613717.12127995491027832031
6168718.24430026672780513763
837613717.12127995491027832031
Case #73:
59953.33122879397706128657
Case #74:
3133.71000663307950162562
324410.05250691191758960485
34645.19584371228120289743
34645.19584371228120289743
2682.02971720150981127517
21285.23286775742599274963
194186.88639993336983025074
5350.89061217499329359271
2195849.70235396549105644226
240714688.00000000000000000000
Case #75:
326.33428441821911292209
8.00000000000000000000
6334.21063501819844532292
317.67908335299637201388
335.22529737476554601017
167.61264868738277300508
14047.00000000000000000000
Case #76:
413184.76912047422956675291
301151628.80509018898010253906
857008222.11766076087951660156
6458925.17070378921926021576
Case #77:
7.00000000000000000000
7.00000000000000000000
7.00000000000000000000
7.00000000000000000000
7.00000000000000000000
7.00000000000000000000
7.00000000000000000000
7.00000000000000000000
Case #78:
28869.36437690219463547692
Case #79:
1804.05150352054170070915
4.00000000000000000000
68035.73781431055977009237
68035.73781431055977009237
576.78418841018856255687
38312.75675281014991924167
Case #80:
834.48187517764586118574
7.00000000000000000000
834.48187517764586118574
834.48187517764586118574
Case #81:
2863.77522723650236002868
2863.77522723650236002868
1008503.74876097706146538258
60329.30925346318690571934
3.00000000000000000000
5.91607978309961524133
27199.68838056788808899000
31953.49936568922566948459
1.73205080756887719318
366047.88399600924458354712
Case #82:
448.75134955107853329537
14344978.35256366059184074402
10626.87369753912935266271
56785.00000000000000000000
10626.87369753912935266271
392010.24717121885623782873
44994.79518101149005815387
43045.53520586391096003354
63286.93626803171355277300
5959434.09743207134306430817
Case #83:
2211.00526763384004880209
Case #84:
3937.87662474121043487685
71339.89995787770021706820
217.36605070709640585847
1372.50041669833626656327
1372.50041669833626656327
Case #85:
317759.01782982307486236095
39436.62081587901047896594
366.08195803672163037845
46965.61256154443253763020
1607.49543431307165519684
4761871.04698310792446136475
90707.00000000000000000000
3.00000000000000000000
159129.51553291687741875648
66642.13886898217606358230
Case #86:
66127.45552340571884997189
54940.00000000000000000000
383083.75228023144882172346
27070.08902829836733872071
75866.00000000000000000000
63173.76538191802683286369
34825.59955000797344837338
38780.92042686359491199255
Case #87:
22167.00000000000000000000
78093.51765671718749217689
210.55640574439905776671
31184.99641638344473903999
351.79823763060551300441
872965.72370881773531436920
3000361.39278004318475723267
82525.00000000000000000000
36676.31304279319010674953
26209.51860431922978023067
Case #88:
496133638.69837701320648193359
429090868.00000000000000000000
352976.03065324784256517887
821.26544450381311435194
128526.11754866738920100033
50206.00000000000000000000
40262.00000000000000000000
437764.38690225756727159023
354353.00838105077855288982
550046.18192344135604798794
Case #89:
50577.12088412443699780852
33643.34689674868423026055
47357.86088919134635943919
42877.76287748912000097334
56547.73200712644029408693
1121150.91555655281990766525
243192.77857363200746476650
15449.82230051701117190532
15449.82230051701117190532
30385.45858320093975635245
Case #90:
1421987.95030032098293304443
4017.60471995541956857778
862171643.00000000000000000000
8.00000000000000000000
88149.00000000000000000000
91959.00000000000000000000
73295.00775761535624042153
Case #91:
5307.43001871236083388794
Case #92:
437888.23462657653726637363
437888.23462657653726637363
11661.60983741095697041601
Case #93:
4.00000000000000000000
91.43892925807764981982
5.65685424949237969372
5.65685424949237969372
15.17931696434989419231
2.00000000000000000000
Case #94:
45.22651711592345691315
101.50891717138441094903
3286641.73781810328364372253
31.14111248846499080400
74711.00000000000000000000
2.00000000000000000000
71.05085730036591940006
773.17297493762043814058
114.06511701208262365981
3286641.73781810328364372253
Case #95:
2.00000000000000000000
Case #96:
7926.87334812511653581169
395.49742655612374164775
2321.38193338383644004352
3883.93529567793484602589
451.60823730308550238988
39988.00000000000000000000
505.45382749335442440497
7926.87334812511653581169
Case #97:
508363823.99765539169311523438
561167697.96094536781311035156
Case #98:
47657.20788422533951234072
1128431.40033113490790128708
33301.00000000000000000000
442076042.00000000000000000000
Case #99:
172067.62186339637264609337
35231.00000000000000000000
3.16227766016837907870
82.88546314040840456983
35231.00000000000000000000
623.19970031948923860909
687.00000000000000000000
623.19970031948923860909
25491.41594401739712338895
2023.88923933145724731730
Case #100:
40291.82089988389634527266
22.85103432237574594410
31.92232506383322743204
51709.96290851502271834761
352.12447284217239484860
3291.71001433520268619759
608.61035239281454778393
42490.92204224332817830145
5558.50811491254899010528
645.42737363751029988634
